<?xml version="1.0" encoding="UTF-8"?>
<testng-results ignored="0" total="1" passed="1" failed="0" skipped="0">
  <reporter-output>
  </reporter-output>
  <suite started-at="2020-09-12T13:52:37Z" name="Default suite" finished-at="2020-09-12T13:52:37Z" duration-ms="23">
    <groups>
    </groups>
    <test started-at="2020-09-12T13:52:37Z" name="Default test" finished-at="2020-09-12T13:52:37Z" duration-ms="23">
      <class name="Automation_CoolTesters.Selenium.AppTest">
        <test-method signature="shouldAnswerWithTrue()[pri:0, instance:Automation_CoolTesters.Selenium.AppTest@290222c1]" started-at="2020-09-12T08:52:37Z" name="shouldAnswerWithTrue" finished-at="2020-09-12T08:52:37Z" duration-ms="8" status="PASS">
          <reporter-output>
          </reporter-output>
        </test-method> <!-- shouldAnswerWithTrue -->
      </class> <!-- Automation_CoolTesters.Selenium.AppTest -->
    </test> <!-- Default test -->
  </suite> <!-- Default suite -->
</testng-results>
