<?xml version="1.0" encoding="UTF-8"?>
<testng-results ignored="0" total="3" passed="3" failed="0" skipped="0">
  <reporter-output>
  </reporter-output>
  <suite started-at="2020-10-10T17:02:31Z" name="RegressionAutomatedQA" finished-at="2020-10-10T17:02:47Z" duration-ms="15735">
    <groups>
    </groups>
    <test started-at="2020-10-10T17:02:31Z" name="TC_01_CorrectLogin" finished-at="2020-10-10T17:02:36Z" duration-ms="5218">
      <class name="loginTests.TC_01_CorrectLogin">
        <test-method is-config="true" signature="startWebDriver()[pri:0, instance:loginTests.TC_01_CorrectLogin@2c532cd8]" started-at="2020-10-10T12:02:31Z" name="startWebDriver" finished-at="2020-10-10T12:02:34Z" duration-ms="3111" status="PASS">
          <reporter-output>
          </reporter-output>
        </test-method> <!-- startWebDriver -->
        <test-method signature="TC_01()[pri:0, instance:loginTests.TC_01_CorrectLogin@2c532cd8]" started-at="2020-10-10T12:02:34Z" name="TC_01" finished-at="2020-10-10T12:02:35Z" duration-ms="1492" status="PASS">
          <reporter-output>
          </reporter-output>
        </test-method> <!-- TC_01 -->
        <test-method is-config="true" signature="closeDriver()[pri:0, instance:loginTests.TC_01_CorrectLogin@2c532cd8]" started-at="2020-10-10T12:02:35Z" name="closeDriver" finished-at="2020-10-10T12:02:36Z" duration-ms="596" status="PASS">
          <reporter-output>
          </reporter-output>
        </test-method> <!-- closeDriver -->
      </class> <!-- loginTests.TC_01_CorrectLogin -->
    </test> <!-- TC_01_CorrectLogin -->
    <test started-at="2020-10-10T17:02:36Z" name="TC_02_IncorrectLogin" finished-at="2020-10-10T17:02:41Z" duration-ms="4527">
      <class name="loginTests.TC_02_IncorrectLogin">
        <test-method is-config="true" signature="startWebDriver()[pri:0, instance:loginTests.TC_02_IncorrectLogin@47a5b70d]" started-at="2020-10-10T12:02:36Z" name="startWebDriver" finished-at="2020-10-10T12:02:39Z" duration-ms="3108" status="PASS">
          <reporter-output>
          </reporter-output>
        </test-method> <!-- startWebDriver -->
        <test-method signature="TC_02()[pri:0, instance:loginTests.TC_02_IncorrectLogin@47a5b70d]" started-at="2020-10-10T12:02:39Z" name="TC_02" finished-at="2020-10-10T12:02:40Z" duration-ms="816" status="PASS">
          <reporter-output>
          </reporter-output>
        </test-method> <!-- TC_02 -->
        <test-method is-config="true" signature="closeDriver()[pri:0, instance:loginTests.TC_02_IncorrectLogin@47a5b70d]" started-at="2020-10-10T12:02:40Z" name="closeDriver" finished-at="2020-10-10T12:02:41Z" duration-ms="601" status="PASS">
          <reporter-output>
          </reporter-output>
        </test-method> <!-- closeDriver -->
      </class> <!-- loginTests.TC_02_IncorrectLogin -->
    </test> <!-- TC_02_IncorrectLogin -->
    <test started-at="2020-10-10T17:02:41Z" name="TC_03_Logout" finished-at="2020-10-10T17:02:47Z" duration-ms="5951">
      <class name="loginTests.TC_03_Logout">
        <test-method is-config="true" signature="startWebDriver()[pri:0, instance:loginTests.TC_03_Logout@207b8649]" started-at="2020-10-10T12:02:41Z" name="startWebDriver" finished-at="2020-10-10T12:02:44Z" duration-ms="3114" status="PASS">
          <reporter-output>
          </reporter-output>
        </test-method> <!-- startWebDriver -->
        <test-method signature="TC_03()[pri:0, instance:loginTests.TC_03_Logout@207b8649]" started-at="2020-10-10T12:02:44Z" name="TC_03" finished-at="2020-10-10T12:02:46Z" duration-ms="2232" status="PASS">
          <reporter-output>
          </reporter-output>
        </test-method> <!-- TC_03 -->
        <test-method is-config="true" signature="closeDriver()[pri:0, instance:loginTests.TC_03_Logout@207b8649]" started-at="2020-10-10T12:02:46Z" name="closeDriver" finished-at="2020-10-10T12:02:47Z" duration-ms="603" status="PASS">
          <reporter-output>
          </reporter-output>
        </test-method> <!-- closeDriver -->
      </class> <!-- loginTests.TC_03_Logout -->
    </test> <!-- TC_03_Logout -->
  </suite> <!-- RegressionAutomatedQA -->
</testng-results>
